[28-Oct-2016 05:24:28 Europe/Helsinki] PHP Fatal error:  Uncaught Error: Class 'Slim\App' not found in /var/www/html/test.com/bootstrap/app.php:7
Stack trace:
#0 /var/www/html/test.com/public/index.php(3): require()
#1 {main}
  thrown in /var/www/html/test.com/bootstrap/app.php on line 7
[28-Oct-2016 05:24:38 Europe/Helsinki] PHP Fatal error:  Uncaught Error: Class 'Slim\App' not found in /var/www/html/test.com/bootstrap/app.php:7
Stack trace:
#0 /var/www/html/test.com/public/index.php(3): require()
#1 {main}
  thrown in /var/www/html/test.com/bootstrap/app.php on line 7
[28-Oct-2016 05:39:55 Europe/Helsinki] PHP Fatal error:  Uncaught Error: Class 'Slim\App' not found in /var/www/html/test.com/bootstrap/app.php:7
Stack trace:
#0 /var/www/html/test.com/public/index.php(3): require()
#1 {main}
  thrown in /var/www/html/test.com/bootstrap/app.php on line 7
[28-Oct-2016 16:01:34 Europe/Helsinki] PHP Fatal error:  Uncaught Error: Class 'Slim\App' not found in /var/www/html/test.com/bootstrap/app.php:7
Stack trace:
#0 /var/www/html/test.com/public/index.php(3): require()
#1 {main}
  thrown in /var/www/html/test.com/bootstrap/app.php on line 7
[28-Oct-2016 16:01:38 Europe/Helsinki] PHP Fatal error:  Uncaught Error: Class 'Slim\App' not found in /var/www/html/test.com/bootstrap/app.php:7
Stack trace:
#0 /var/www/html/test.com/public/index.php(3): require()
#1 {main}
  thrown in /var/www/html/test.com/bootstrap/app.php on line 7
[28-Oct-2016 16:03:31 Europe/Helsinki] PHP Fatal error:  Uncaught Error: Class 'Slim\App' not found in /var/www/html/test.com/bootstrap/app.php:7
Stack trace:
#0 /var/www/html/test.com/public/index.php(3): require()
#1 {main}
  thrown in /var/www/html/test.com/bootstrap/app.php on line 7
[28-Oct-2016 16:03:31 Europe/Helsinki] PHP Fatal error:  Uncaught Error: Class 'Slim\App' not found in /var/www/html/test.com/bootstrap/app.php:7
Stack trace:
#0 /var/www/html/test.com/public/index.php(3): require()
#1 {main}
  thrown in /var/www/html/test.com/bootstrap/app.php on line 7
[28-Oct-2016 16:07:33 Europe/Helsinki] PHP Fatal error:  Uncaught Error: Class 'Slim\App' not found in /var/www/html/test.com/bootstrap/app.php:7
Stack trace:
#0 /var/www/html/test.com/public/index.php(3): require()
#1 {main}
  thrown in /var/www/html/test.com/bootstrap/app.php on line 7
[28-Oct-2016 16:07:34 Europe/Helsinki] PHP Fatal error:  Uncaught Error: Class 'Slim\App' not found in /var/www/html/test.com/bootstrap/app.php:7
Stack trace:
#0 /var/www/html/test.com/public/index.php(3): require()
#1 {main}
  thrown in /var/www/html/test.com/bootstrap/app.php on line 7
[28-Oct-2016 16:09:07 Europe/Helsinki] PHP Fatal error:  Uncaught Error: Class 'Slim\App' not found in /var/www/html/test.com/bootstrap/app.php:7
Stack trace:
#0 /var/www/html/test.com/public/index.php(3): require()
#1 {main}
  thrown in /var/www/html/test.com/bootstrap/app.php on line 7
[28-Oct-2016 16:09:08 Europe/Helsinki] PHP Fatal error:  Uncaught Error: Class 'Slim\App' not found in /var/www/html/test.com/bootstrap/app.php:7
Stack trace:
#0 /var/www/html/test.com/public/index.php(3): require()
#1 {main}
  thrown in /var/www/html/test.com/bootstrap/app.php on line 7
[28-Oct-2016 16:09:09 Europe/Helsinki] PHP Fatal error:  Uncaught Error: Class 'Slim\App' not found in /var/www/html/test.com/bootstrap/app.php:7
Stack trace:
#0 /var/www/html/test.com/public/index.php(3): require()
#1 {main}
  thrown in /var/www/html/test.com/bootstrap/app.php on line 7
[28-Oct-2016 16:09:10 Europe/Helsinki] PHP Fatal error:  Uncaught Error: Class 'Slim\App' not found in /var/www/html/test.com/bootstrap/app.php:7
Stack trace:
#0 /var/www/html/test.com/public/index.php(3): require()
#1 {main}
  thrown in /var/www/html/test.com/bootstrap/app.php on line 7
[28-Oct-2016 16:09:11 Europe/Helsinki] PHP Fatal error:  Uncaught Error: Class 'Slim\App' not found in /var/www/html/test.com/bootstrap/app.php:7
Stack trace:
#0 /var/www/html/test.com/public/index.php(3): require()
#1 {main}
  thrown in /var/www/html/test.com/bootstrap/app.php on line 7
[31-Oct-2016 16:12:28 Europe/Helsinki] PHP Notice:  Undefined index: errors in /var/www/html/test.com/app/Middleware/ValidationErrorsMiddleware.php on line 10
[31-Oct-2016 16:12:28 Europe/Helsinki] PHP Fatal error:  Uncaught RuntimeException: Unexpected data in output buffer. Maybe you have characters before an opening <?php tag? in /var/www/html/test.com/vendor/slim/slim/Slim/App.php:552
Stack trace:
#0 /var/www/html/test.com/vendor/slim/slim/Slim/App.php(344): Slim\App->finalize(Object(Slim\Http\Response))
#1 /var/www/html/test.com/vendor/slim/slim/Slim/App.php(298): Slim\App->process(Object(Slim\Http\Request), Object(Slim\Http\Response))
#2 /var/www/html/test.com/public/index.php(5): Slim\App->run()
#3 {main}
  thrown in /var/www/html/test.com/vendor/slim/slim/Slim/App.php on line 552
[31-Oct-2016 16:12:29 Europe/Helsinki] PHP Notice:  Undefined index: errors in /var/www/html/test.com/app/Middleware/ValidationErrorsMiddleware.php on line 10
[31-Oct-2016 16:12:29 Europe/Helsinki] PHP Fatal error:  Uncaught RuntimeException: Unexpected data in output buffer. Maybe you have characters before an opening <?php tag? in /var/www/html/test.com/vendor/slim/slim/Slim/App.php:552
Stack trace:
#0 /var/www/html/test.com/vendor/slim/slim/Slim/App.php(344): Slim\App->finalize(Object(Slim\Http\Response))
#1 /var/www/html/test.com/vendor/slim/slim/Slim/App.php(298): Slim\App->process(Object(Slim\Http\Request), Object(Slim\Http\Response))
#2 /var/www/html/test.com/public/index.php(5): Slim\App->run()
#3 {main}
  thrown in /var/www/html/test.com/vendor/slim/slim/Slim/App.php on line 552
[31-Oct-2016 16:39:36 Europe/Helsinki] PHP Notice:  Undefined index: errors in /var/www/html/test.com/app/Middleware/ValidationErrorsMiddleware.php on line 9
[31-Oct-2016 16:39:36 Europe/Helsinki] PHP Fatal error:  Uncaught RuntimeException: Unexpected data in output buffer. Maybe you have characters before an opening <?php tag? in /var/www/html/test.com/vendor/slim/slim/Slim/App.php:552
Stack trace:
#0 /var/www/html/test.com/vendor/slim/slim/Slim/App.php(344): Slim\App->finalize(Object(Slim\Http\Response))
#1 /var/www/html/test.com/vendor/slim/slim/Slim/App.php(298): Slim\App->process(Object(Slim\Http\Request), Object(Slim\Http\Response))
#2 /var/www/html/test.com/public/index.php(5): Slim\App->run()
#3 {main}
  thrown in /var/www/html/test.com/vendor/slim/slim/Slim/App.php on line 552
[31-Oct-2016 16:39:36 Europe/Helsinki] PHP Notice:  Undefined index: errors in /var/www/html/test.com/app/Middleware/ValidationErrorsMiddleware.php on line 9
[31-Oct-2016 16:39:36 Europe/Helsinki] PHP Fatal error:  Uncaught RuntimeException: Unexpected data in output buffer. Maybe you have characters before an opening <?php tag? in /var/www/html/test.com/vendor/slim/slim/Slim/App.php:552
Stack trace:
#0 /var/www/html/test.com/vendor/slim/slim/Slim/App.php(344): Slim\App->finalize(Object(Slim\Http\Response))
#1 /var/www/html/test.com/vendor/slim/slim/Slim/App.php(298): Slim\App->process(Object(Slim\Http\Request), Object(Slim\Http\Response))
#2 /var/www/html/test.com/public/index.php(5): Slim\App->run()
#3 {main}
  thrown in /var/www/html/test.com/vendor/slim/slim/Slim/App.php on line 552
[31-Oct-2016 16:39:38 Europe/Helsinki] PHP Notice:  Undefined index: errors in /var/www/html/test.com/app/Middleware/ValidationErrorsMiddleware.php on line 9
[31-Oct-2016 16:39:38 Europe/Helsinki] PHP Fatal error:  Uncaught RuntimeException: Unexpected data in output buffer. Maybe you have characters before an opening <?php tag? in /var/www/html/test.com/vendor/slim/slim/Slim/App.php:552
Stack trace:
#0 /var/www/html/test.com/vendor/slim/slim/Slim/App.php(344): Slim\App->finalize(Object(Slim\Http\Response))
#1 /var/www/html/test.com/vendor/slim/slim/Slim/App.php(298): Slim\App->process(Object(Slim\Http\Request), Object(Slim\Http\Response))
#2 /var/www/html/test.com/public/index.php(5): Slim\App->run()
#3 {main}
  thrown in /var/www/html/test.com/vendor/slim/slim/Slim/App.php on line 552
[31-Oct-2016 16:39:39 Europe/Helsinki] PHP Notice:  Undefined index: errors in /var/www/html/test.com/app/Middleware/ValidationErrorsMiddleware.php on line 9
[31-Oct-2016 16:39:39 Europe/Helsinki] PHP Fatal error:  Uncaught RuntimeException: Unexpected data in output buffer. Maybe you have characters before an opening <?php tag? in /var/www/html/test.com/vendor/slim/slim/Slim/App.php:552
Stack trace:
#0 /var/www/html/test.com/vendor/slim/slim/Slim/App.php(344): Slim\App->finalize(Object(Slim\Http\Response))
#1 /var/www/html/test.com/vendor/slim/slim/Slim/App.php(298): Slim\App->process(Object(Slim\Http\Request), Object(Slim\Http\Response))
#2 /var/www/html/test.com/public/index.php(5): Slim\App->run()
#3 {main}
  thrown in /var/www/html/test.com/vendor/slim/slim/Slim/App.php on line 552
[31-Oct-2016 17:21:45 Europe/Helsinki] PHP Notice:  Undefined index: old in /var/www/html/test.com/app/Middleware/OldInputMiddleware.php on line 10
[31-Oct-2016 17:21:45 Europe/Helsinki] PHP Fatal error:  Uncaught RuntimeException: Unexpected data in output buffer. Maybe you have characters before an opening <?php tag? in /var/www/html/test.com/vendor/slim/slim/Slim/App.php:552
Stack trace:
#0 /var/www/html/test.com/vendor/slim/slim/Slim/App.php(344): Slim\App->finalize(Object(Slim\Http\Response))
#1 /var/www/html/test.com/vendor/slim/slim/Slim/App.php(298): Slim\App->process(Object(Slim\Http\Request), Object(Slim\Http\Response))
#2 /var/www/html/test.com/public/index.php(5): Slim\App->run()
#3 {main}
  thrown in /var/www/html/test.com/vendor/slim/slim/Slim/App.php on line 552
[31-Oct-2016 17:48:21 Europe/Helsinki] PHP Fatal error:  Uncaught Error: Call to undefined method App\Validation\Validator::with() in /var/www/html/test.com/bootstrap/app.php:62
Stack trace:
#0 /var/www/html/test.com/public/index.php(3): require()
#1 {main}
  thrown in /var/www/html/test.com/bootstrap/app.php on line 62
[02-Nov-2016 20:56:40 Europe/Helsinki] PHP Parse error:  syntax error, unexpected '=>' (T_DOUBLE_ARROW), expecting ']' in /var/www/html/test.com/app/Middleware/CsrfViewMiddleware.php on line 11
[02-Nov-2016 20:57:00 Europe/Helsinki] PHP Parse error:  syntax error, unexpected '=>' (T_DOUBLE_ARROW), expecting ']' in /var/www/html/test.com/app/Middleware/CsrfViewMiddleware.php on line 11
[02-Nov-2016 20:57:01 Europe/Helsinki] PHP Parse error:  syntax error, unexpected '=>' (T_DOUBLE_ARROW), expecting ']' in /var/www/html/test.com/app/Middleware/CsrfViewMiddleware.php on line 11
[02-Nov-2016 20:57:01 Europe/Helsinki] PHP Parse error:  syntax error, unexpected '=>' (T_DOUBLE_ARROW), expecting ']' in /var/www/html/test.com/app/Middleware/CsrfViewMiddleware.php on line 11
[02-Nov-2016 21:32:21 Europe/Helsinki] PHP Notice:  Use of undefined constant user - assumed 'user' in /var/www/html/test.com/app/Auth/Auth.php on line 12
[02-Nov-2016 21:32:21 Europe/Helsinki] PHP Notice:  Trying to get property of non-object in /var/www/html/test.com/app/Auth/Auth.php on line 15
[02-Nov-2016 21:32:21 Europe/Helsinki] PHP Notice:  Use of undefined constant auth - assumed 'auth' in /var/www/html/test.com/app/Controllers/Auth/AuthController.php on line 46
[02-Nov-2016 21:32:40 Europe/Helsinki] PHP Notice:  Use of undefined constant user - assumed 'user' in /var/www/html/test.com/app/Auth/Auth.php on line 12
[02-Nov-2016 21:32:40 Europe/Helsinki] PHP Notice:  Use of undefined constant auth - assumed 'auth' in /var/www/html/test.com/app/Controllers/Auth/AuthController.php on line 46
[02-Nov-2016 21:34:20 Europe/Helsinki] PHP Notice:  Use of undefined constant user - assumed 'user' in /var/www/html/test.com/app/Auth/Auth.php on line 12
[02-Nov-2016 21:34:20 Europe/Helsinki] PHP Notice:  Use of undefined constant auth - assumed 'auth' in /var/www/html/test.com/app/Controllers/Auth/AuthController.php on line 46
[02-Nov-2016 21:35:15 Europe/Helsinki] PHP Notice:  Use of undefined constant user - assumed 'user' in /var/www/html/test.com/app/Auth/Auth.php on line 12
[02-Nov-2016 21:35:15 Europe/Helsinki] PHP Notice:  Trying to get property of non-object in /var/www/html/test.com/app/Auth/Auth.php on line 15
[02-Nov-2016 21:35:32 Europe/Helsinki] PHP Notice:  Use of undefined constant user - assumed 'user' in /var/www/html/test.com/app/Auth/Auth.php on line 12
[02-Nov-2016 21:35:38 Europe/Helsinki] PHP Notice:  Use of undefined constant user - assumed 'user' in /var/www/html/test.com/app/Auth/Auth.php on line 12
[02-Nov-2016 21:35:45 Europe/Helsinki] PHP Notice:  Use of undefined constant user - assumed 'user' in /var/www/html/test.com/app/Auth/Auth.php on line 12
[02-Nov-2016 21:37:09 Europe/Helsinki] PHP Notice:  Use of undefined constant user - assumed 'user' in /var/www/html/test.com/app/Auth/Auth.php on line 12
[02-Nov-2016 22:00:56 Europe/Helsinki] PHP Notice:  Undefined index: user in /var/www/html/test.com/app/Auth/Auth.php on line 32
[02-Nov-2016 22:00:56 Europe/Helsinki] PHP Fatal error:  Uncaught RuntimeException: Unexpected data in output buffer. Maybe you have characters before an opening <?php tag? in /var/www/html/test.com/vendor/slim/slim/Slim/App.php:552
Stack trace:
#0 /var/www/html/test.com/vendor/slim/slim/Slim/App.php(344): Slim\App->finalize(Object(Slim\Http\Response))
#1 /var/www/html/test.com/vendor/slim/slim/Slim/App.php(298): Slim\App->process(Object(Slim\Http\Request), Object(Slim\Http\Response))
#2 /var/www/html/test.com/public/index.php(5): Slim\App->run()
#3 {main}
  thrown in /var/www/html/test.com/vendor/slim/slim/Slim/App.php on line 552
[02-Nov-2016 22:01:27 Europe/Helsinki] PHP Notice:  Undefined index: user in /var/www/html/test.com/app/Auth/Auth.php on line 32
[02-Nov-2016 22:01:27 Europe/Helsinki] PHP Fatal error:  Uncaught RuntimeException: Unexpected data in output buffer. Maybe you have characters before an opening <?php tag? in /var/www/html/test.com/vendor/slim/slim/Slim/App.php:552
Stack trace:
#0 /var/www/html/test.com/vendor/slim/slim/Slim/App.php(344): Slim\App->finalize(Object(Slim\Http\Response))
#1 /var/www/html/test.com/vendor/slim/slim/Slim/App.php(298): Slim\App->process(Object(Slim\Http\Request), Object(Slim\Http\Response))
#2 /var/www/html/test.com/public/index.php(5): Slim\App->run()
#3 {main}
  thrown in /var/www/html/test.com/vendor/slim/slim/Slim/App.php on line 552
[02-Nov-2016 22:01:31 Europe/Helsinki] PHP Notice:  Undefined index: user in /var/www/html/test.com/app/Auth/Auth.php on line 32
[02-Nov-2016 22:01:31 Europe/Helsinki] PHP Fatal error:  Uncaught RuntimeException: Unexpected data in output buffer. Maybe you have characters before an opening <?php tag? in /var/www/html/test.com/vendor/slim/slim/Slim/App.php:552
Stack trace:
#0 /var/www/html/test.com/vendor/slim/slim/Slim/App.php(344): Slim\App->finalize(Object(Slim\Http\Response))
#1 /var/www/html/test.com/vendor/slim/slim/Slim/App.php(298): Slim\App->process(Object(Slim\Http\Request), Object(Slim\Http\Response))
#2 /var/www/html/test.com/public/index.php(5): Slim\App->run()
#3 {main}
  thrown in /var/www/html/test.com/vendor/slim/slim/Slim/App.php on line 552
[02-Nov-2016 22:04:13 Europe/Helsinki] PHP Notice:  Undefined index: user in /var/www/html/test.com/app/Auth/Auth.php on line 33
[02-Nov-2016 22:04:13 Europe/Helsinki] PHP Fatal error:  Uncaught RuntimeException: Unexpected data in output buffer. Maybe you have characters before an opening <?php tag? in /var/www/html/test.com/vendor/slim/slim/Slim/App.php:552
Stack trace:
#0 /var/www/html/test.com/vendor/slim/slim/Slim/App.php(344): Slim\App->finalize(Object(Slim\Http\Response))
#1 /var/www/html/test.com/vendor/slim/slim/Slim/App.php(298): Slim\App->process(Object(Slim\Http\Request), Object(Slim\Http\Response))
#2 /var/www/html/test.com/public/index.php(5): Slim\App->run()
#3 {main}
  thrown in /var/www/html/test.com/vendor/slim/slim/Slim/App.php on line 552
[02-Nov-2016 22:04:53 Europe/Helsinki] PHP Notice:  Undefined index: user in /var/www/html/test.com/app/Auth/Auth.php on line 29
[02-Nov-2016 22:04:53 Europe/Helsinki] PHP Fatal error:  Uncaught RuntimeException: Unexpected data in output buffer. Maybe you have characters before an opening <?php tag? in /var/www/html/test.com/vendor/slim/slim/Slim/App.php:552
Stack trace:
#0 /var/www/html/test.com/vendor/slim/slim/Slim/App.php(344): Slim\App->finalize(Object(Slim\Http\Response))
#1 /var/www/html/test.com/vendor/slim/slim/Slim/App.php(298): Slim\App->process(Object(Slim\Http\Request), Object(Slim\Http\Response))
#2 /var/www/html/test.com/public/index.php(5): Slim\App->run()
#3 {main}
  thrown in /var/www/html/test.com/vendor/slim/slim/Slim/App.php on line 552
[02-Nov-2016 22:04:54 Europe/Helsinki] PHP Notice:  Undefined index: user in /var/www/html/test.com/app/Auth/Auth.php on line 29
[02-Nov-2016 22:04:54 Europe/Helsinki] PHP Fatal error:  Uncaught RuntimeException: Unexpected data in output buffer. Maybe you have characters before an opening <?php tag? in /var/www/html/test.com/vendor/slim/slim/Slim/App.php:552
Stack trace:
#0 /var/www/html/test.com/vendor/slim/slim/Slim/App.php(344): Slim\App->finalize(Object(Slim\Http\Response))
#1 /var/www/html/test.com/vendor/slim/slim/Slim/App.php(298): Slim\App->process(Object(Slim\Http\Request), Object(Slim\Http\Response))
#2 /var/www/html/test.com/public/index.php(5): Slim\App->run()
#3 {main}
  thrown in /var/www/html/test.com/vendor/slim/slim/Slim/App.php on line 552
[02-Nov-2016 22:04:54 Europe/Helsinki] PHP Notice:  Undefined index: user in /var/www/html/test.com/app/Auth/Auth.php on line 29
[02-Nov-2016 22:04:54 Europe/Helsinki] PHP Fatal error:  Uncaught RuntimeException: Unexpected data in output buffer. Maybe you have characters before an opening <?php tag? in /var/www/html/test.com/vendor/slim/slim/Slim/App.php:552
Stack trace:
#0 /var/www/html/test.com/vendor/slim/slim/Slim/App.php(344): Slim\App->finalize(Object(Slim\Http\Response))
#1 /var/www/html/test.com/vendor/slim/slim/Slim/App.php(298): Slim\App->process(Object(Slim\Http\Request), Object(Slim\Http\Response))
#2 /var/www/html/test.com/public/index.php(5): Slim\App->run()
#3 {main}
  thrown in /var/www/html/test.com/vendor/slim/slim/Slim/App.php on line 552
[02-Nov-2016 22:04:55 Europe/Helsinki] PHP Notice:  Undefined index: user in /var/www/html/test.com/app/Auth/Auth.php on line 29
[02-Nov-2016 22:04:55 Europe/Helsinki] PHP Fatal error:  Uncaught RuntimeException: Unexpected data in output buffer. Maybe you have characters before an opening <?php tag? in /var/www/html/test.com/vendor/slim/slim/Slim/App.php:552
Stack trace:
#0 /var/www/html/test.com/vendor/slim/slim/Slim/App.php(344): Slim\App->finalize(Object(Slim\Http\Response))
#1 /var/www/html/test.com/vendor/slim/slim/Slim/App.php(298): Slim\App->process(Object(Slim\Http\Request), Object(Slim\Http\Response))
#2 /var/www/html/test.com/public/index.php(5): Slim\App->run()
#3 {main}
  thrown in /var/www/html/test.com/vendor/slim/slim/Slim/App.php on line 552
[02-Nov-2016 22:04:55 Europe/Helsinki] PHP Notice:  Undefined index: user in /var/www/html/test.com/app/Auth/Auth.php on line 29
[02-Nov-2016 22:04:55 Europe/Helsinki] PHP Fatal error:  Uncaught RuntimeException: Unexpected data in output buffer. Maybe you have characters before an opening <?php tag? in /var/www/html/test.com/vendor/slim/slim/Slim/App.php:552
Stack trace:
#0 /var/www/html/test.com/vendor/slim/slim/Slim/App.php(344): Slim\App->finalize(Object(Slim\Http\Response))
#1 /var/www/html/test.com/vendor/slim/slim/Slim/App.php(298): Slim\App->process(Object(Slim\Http\Request), Object(Slim\Http\Response))
#2 /var/www/html/test.com/public/index.php(5): Slim\App->run()
#3 {main}
  thrown in /var/www/html/test.com/vendor/slim/slim/Slim/App.php on line 552
[02-Nov-2016 22:04:55 Europe/Helsinki] PHP Notice:  Undefined index: user in /var/www/html/test.com/app/Auth/Auth.php on line 29
[02-Nov-2016 22:04:55 Europe/Helsinki] PHP Fatal error:  Uncaught RuntimeException: Unexpected data in output buffer. Maybe you have characters before an opening <?php tag? in /var/www/html/test.com/vendor/slim/slim/Slim/App.php:552
Stack trace:
#0 /var/www/html/test.com/vendor/slim/slim/Slim/App.php(344): Slim\App->finalize(Object(Slim\Http\Response))
#1 /var/www/html/test.com/vendor/slim/slim/Slim/App.php(298): Slim\App->process(Object(Slim\Http\Request), Object(Slim\Http\Response))
#2 /var/www/html/test.com/public/index.php(5): Slim\App->run()
#3 {main}
  thrown in /var/www/html/test.com/vendor/slim/slim/Slim/App.php on line 552
[02-Nov-2016 22:04:56 Europe/Helsinki] PHP Notice:  Undefined index: user in /var/www/html/test.com/app/Auth/Auth.php on line 29
[02-Nov-2016 22:04:56 Europe/Helsinki] PHP Fatal error:  Uncaught RuntimeException: Unexpected data in output buffer. Maybe you have characters before an opening <?php tag? in /var/www/html/test.com/vendor/slim/slim/Slim/App.php:552
Stack trace:
#0 /var/www/html/test.com/vendor/slim/slim/Slim/App.php(344): Slim\App->finalize(Object(Slim\Http\Response))
#1 /var/www/html/test.com/vendor/slim/slim/Slim/App.php(298): Slim\App->process(Object(Slim\Http\Request), Object(Slim\Http\Response))
#2 /var/www/html/test.com/public/index.php(5): Slim\App->run()
#3 {main}
  thrown in /var/www/html/test.com/vendor/slim/slim/Slim/App.php on line 552
[02-Nov-2016 22:20:36 Europe/Helsinki] PHP Notice:  A session had already been started - ignoring session_start() in /var/www/html/test.com/app/Auth/Auth.php on line 7
[02-Nov-2016 22:20:36 Europe/Helsinki] PHP Notice:  Undefined index: user in /var/www/html/test.com/app/Auth/Auth.php on line 31
[02-Nov-2016 22:20:36 Europe/Helsinki] PHP Fatal error:  Uncaught RuntimeException: Unexpected data in output buffer. Maybe you have characters before an opening <?php tag? in /var/www/html/test.com/vendor/slim/slim/Slim/App.php:552
Stack trace:
#0 /var/www/html/test.com/vendor/slim/slim/Slim/App.php(344): Slim\App->finalize(Object(Slim\Http\Response))
#1 /var/www/html/test.com/vendor/slim/slim/Slim/App.php(298): Slim\App->process(Object(Slim\Http\Request), Object(Slim\Http\Response))
#2 /var/www/html/test.com/public/index.php(5): Slim\App->run()
#3 {main}
  thrown in /var/www/html/test.com/vendor/slim/slim/Slim/App.php on line 552
[02-Nov-2016 22:20:52 Europe/Helsinki] PHP Notice:  Undefined index: user in /var/www/html/test.com/app/Auth/Auth.php on line 29
[02-Nov-2016 22:20:52 Europe/Helsinki] PHP Fatal error:  Uncaught RuntimeException: Unexpected data in output buffer. Maybe you have characters before an opening <?php tag? in /var/www/html/test.com/vendor/slim/slim/Slim/App.php:552
Stack trace:
#0 /var/www/html/test.com/vendor/slim/slim/Slim/App.php(344): Slim\App->finalize(Object(Slim\Http\Response))
#1 /var/www/html/test.com/vendor/slim/slim/Slim/App.php(298): Slim\App->process(Object(Slim\Http\Request), Object(Slim\Http\Response))
#2 /var/www/html/test.com/public/index.php(5): Slim\App->run()
#3 {main}
  thrown in /var/www/html/test.com/vendor/slim/slim/Slim/App.php on line 552
[02-Nov-2016 22:32:02 Europe/Helsinki] PHP Notice:  Undefined index: user in /var/www/html/test.com/app/Auth/Auth.php on line 29
[02-Nov-2016 22:32:02 Europe/Helsinki] PHP Fatal error:  Uncaught RuntimeException: Unexpected data in output buffer. Maybe you have characters before an opening <?php tag? in /var/www/html/test.com/vendor/slim/slim/Slim/App.php:552
Stack trace:
#0 /var/www/html/test.com/vendor/slim/slim/Slim/App.php(344): Slim\App->finalize(Object(Slim\Http\Response))
#1 /var/www/html/test.com/vendor/slim/slim/Slim/App.php(298): Slim\App->process(Object(Slim\Http\Request), Object(Slim\Http\Response))
#2 /var/www/html/test.com/public/index.php(5): Slim\App->run()
#3 {main}
  thrown in /var/www/html/test.com/vendor/slim/slim/Slim/App.php on line 552
[02-Nov-2016 22:32:02 Europe/Helsinki] PHP Notice:  Undefined index: user in /var/www/html/test.com/app/Auth/Auth.php on line 29
[02-Nov-2016 22:32:02 Europe/Helsinki] PHP Fatal error:  Uncaught RuntimeException: Unexpected data in output buffer. Maybe you have characters before an opening <?php tag? in /var/www/html/test.com/vendor/slim/slim/Slim/App.php:552
Stack trace:
#0 /var/www/html/test.com/vendor/slim/slim/Slim/App.php(344): Slim\App->finalize(Object(Slim\Http\Response))
#1 /var/www/html/test.com/vendor/slim/slim/Slim/App.php(298): Slim\App->process(Object(Slim\Http\Request), Object(Slim\Http\Response))
#2 /var/www/html/test.com/public/index.php(5): Slim\App->run()
#3 {main}
  thrown in /var/www/html/test.com/vendor/slim/slim/Slim/App.php on line 552
